Copyright 1986-2022 Xilinx, Inc. All Rights Reserved. Copyright 2022-2024 Advanced Micro Devices, Inc. All Rights Reserved.
---------------------------------------------------------------------------------------------------------------------------------------------------------------------------------------------------------------------
| Tool Version : Vivado v.2024.2 (win64) Build 5239630 Fri Nov 08 22:35:27 MST 2024
| Date         : Tue Apr 15 14:23:50 2025
| Host         : DESKTOP-G0M3A7E running 64-bit major release  (build 9200)
| Command      : report_timing_summary -max_paths 10 -report_unconstrained -file andGate2_timing_summary_routed.rpt -pb andGate2_timing_summary_routed.pb -rpx andGate2_timing_summary_routed.rpx -warn_on_violation
| Design       : andGate2
| Device       : 7a200t-fbg484
| Speed File   : -1  PRODUCTION 1.23 2018-06-13
| Design State : Routed
---------------------------------------------------------------------------------------------------------------------------------------------------------------------------------------------------------------------

Timing Summary Report

------------------------------------------------------------------------------------------------
| Timer Settings
| --------------
------------------------------------------------------------------------------------------------

  Enable Multi Corner Analysis               :  Yes
  Enable Pessimism Removal                   :  Yes
  Pessimism Removal Resolution               :  Nearest Common Node
  Enable Input Delay Default Clock           :  No
  Enable Preset / Clear Arcs                 :  No
  Disable Flight Delays                      :  No
  Ignore I/O Paths                           :  No
  Timing Early Launch at Borrowing Latches   :  No
  Borrow Time for Max Delay Exceptions       :  Yes
  Merge Timing Exceptions                    :  Yes
  Inter-SLR Compensation                     :  Conservative

  Corner  Analyze    Analyze    
  Name    Max Paths  Min Paths  
  ------  ---------  ---------  
  Slow    Yes        Yes        
  Fast    Yes        Yes        


------------------------------------------------------------------------------------------------
| Report Methodology
| ------------------
------------------------------------------------------------------------------------------------

No report available as report_methodology has not been run prior. Run report_methodology on the current design for the summary of methodology violations.



check_timing report

Table of Contents
-----------------
1. checking no_clock (0)
2. checking constant_clock (0)
3. checking pulse_width_clock (0)
4. checking unconstrained_internal_endpoints (0)
5. checking no_input_delay (0)
6. checking no_output_delay (0)
7. checking multiple_clock (0)
8. checking generated_clocks (0)
9. checking loops (0)
10. checking partial_input_delay (0)
11. checking partial_output_delay (0)
12. checking latch_loops (0)

1. checking no_clock (0)
------------------------
 There are 0 register/latch pins with no clock.


2. checking constant_clock (0)
------------------------------
 There are 0 register/latch pins with constant_clock.


3. checking pulse_width_clock (0)
---------------------------------
 There are 0 register/latch pins which need pulse_width check


4. checking unconstrained_internal_endpoints (0)
------------------------------------------------
 There are 0 pins that are not constrained for maximum delay.

 There are 0 pins that are not constrained for maximum delay due to constant clock.


5. checking no_input_delay (0)
------------------------------
 There are 0 input ports with no input delay specified.

 There are 0 input ports with no input delay but user has a false path constraint.


6. checking no_output_delay (0)
-------------------------------
 There are 0 ports with no output delay specified.

 There are 0 ports with no output delay but user has a false path constraint

 There are 0 ports with no output delay but with a timing clock defined on it or propagating through it


7. checking multiple_clock (0)
------------------------------
 There are 0 register/latch pins with multiple clocks.


8. checking generated_clocks (0)
--------------------------------
 There are 0 generated clocks that are not connected to a clock source.


9. checking loops (0)
---------------------
 There are 0 combinational loops in the design.


10. checking partial_input_delay (0)
------------------------------------
 There are 0 input ports with partial input delay specified.


11. checking partial_output_delay (0)
-------------------------------------
 There are 0 ports with partial output delay specified.


12. checking latch_loops (0)
----------------------------
 There are 0 combinational latch loops in the design through latch input



------------------------------------------------------------------------------------------------
| Design Timing Summary
| ---------------------
------------------------------------------------------------------------------------------------

    WNS(ns)      TNS(ns)  TNS Failing Endpoints  TNS Total Endpoints      WHS(ns)      THS(ns)  THS Failing Endpoints  THS Total Endpoints     WPWS(ns)     TPWS(ns)  TPWS Failing Endpoints  TPWS Total Endpoints  
    -------      -------  ---------------------  -------------------      -------      -------  ---------------------  -------------------     --------     --------  ----------------------  --------------------  
        inf        0.000                      0                    4          inf        0.000                      0                    4           NA           NA                      NA                    NA  


There are no user specified timing constraints.


------------------------------------------------------------------------------------------------
| Clock Summary
| -------------
------------------------------------------------------------------------------------------------


------------------------------------------------------------------------------------------------
| Intra Clock Table
| -----------------
------------------------------------------------------------------------------------------------

Clock             WNS(ns)      TNS(ns)  TNS Failing Endpoints  TNS Total Endpoints      WHS(ns)      THS(ns)  THS Failing Endpoints  THS Total Endpoints     WPWS(ns)     TPWS(ns)  TPWS Failing Endpoints  TPWS Total Endpoints  
-----             -------      -------  ---------------------  -------------------      -------      -------  ---------------------  -------------------     --------     --------  ----------------------  --------------------  


------------------------------------------------------------------------------------------------
| Inter Clock Table
| -----------------
------------------------------------------------------------------------------------------------

From Clock    To Clock          WNS(ns)      TNS(ns)  TNS Failing Endpoints  TNS Total Endpoints      WHS(ns)      THS(ns)  THS Failing Endpoints  THS Total Endpoints  
----------    --------          -------      -------  ---------------------  -------------------      -------      -------  ---------------------  -------------------  


------------------------------------------------------------------------------------------------
| Other Path Groups Table
| -----------------------
------------------------------------------------------------------------------------------------

Path Group    From Clock    To Clock          WNS(ns)      TNS(ns)  TNS Failing Endpoints  TNS Total Endpoints      WHS(ns)      THS(ns)  THS Failing Endpoints  THS Total Endpoints  
----------    ----------    --------          -------      -------  ---------------------  -------------------      -------      -------  ---------------------  -------------------  


------------------------------------------------------------------------------------------------
| User Ignored Path Table
| -----------------------
------------------------------------------------------------------------------------------------

Path Group    From Clock    To Clock    
----------    ----------    --------    


------------------------------------------------------------------------------------------------
| Unconstrained Path Table
| ------------------------
------------------------------------------------------------------------------------------------

Path Group    From Clock    To Clock    
----------    ----------    --------    
(none)                                    


------------------------------------------------------------------------------------------------
| Timing Details
| --------------
------------------------------------------------------------------------------------------------


--------------------------------------------------------------------------------------
Path Group:  (none)
From Clock:  
  To Clock:  

Max Delay             4 Endpoints
Min Delay             4 Endpoints
--------------------------------------------------------------------------------------


Max Delay Paths
--------------------------------------------------------------------------------------
Slack:                    inf
  Source:                 andGate_A[1]
                            (input port)
  Destination:            andGate_Z[1]
                            (output port)
  Path Group:             (none)
  Path Type:              Max at Slow Process Corner
  Data Path Delay:        6.870ns  (logic 3.696ns (53.801%)  route 3.174ns (46.199%))
  Logic Levels:           3  (IBUF=1 LUT2=1 OBUF=1)

    Location             Delay type                Incr(ns)  Path(ns)    Netlist Resource(s)
  -------------------------------------------------------------------    -------------------
    L20                                               0.000     0.000 r  andGate_A[1] (IN)
                         net (fo=0)                   0.000     0.000    andGate_A[1]
    L20                  IBUF (Prop_ibuf_I_O)         0.953     0.953 r  andGate_A_IBUF[1]_inst/O
                         net (fo=1, routed)           1.070     2.023    andGate_A_IBUF[1]
    SLICE_X0Y171         LUT2 (Prop_lut2_I0_O)        0.124     2.147 r  andGate_Z_OBUF[1]_inst_i_1/O
                         net (fo=2, routed)           2.104     4.251    andGate_Z_OBUF[0]
    M13                  OBUF (Prop_obuf_I_O)         2.619     6.870 r  andGate_Z_OBUF[1]_inst/O
                         net (fo=0)                   0.000     6.870    andGate_Z[1]
    M13                                                               r  andGate_Z[1] (OUT)
  -------------------------------------------------------------------    -------------------

Slack:                    inf
  Source:                 andGate_A[1]
                            (input port)
  Destination:            andGate_Z[0]
                            (output port)
  Path Group:             (none)
  Path Type:              Max at Slow Process Corner
  Data Path Delay:        6.714ns  (logic 3.692ns (54.988%)  route 3.022ns (45.012%))
  Logic Levels:           3  (IBUF=1 LUT2=1 OBUF=1)

    Location             Delay type                Incr(ns)  Path(ns)    Netlist Resource(s)
  -------------------------------------------------------------------    -------------------
    L20                                               0.000     0.000 r  andGate_A[1] (IN)
                         net (fo=0)                   0.000     0.000    andGate_A[1]
    L20                  IBUF (Prop_ibuf_I_O)         0.953     0.953 r  andGate_A_IBUF[1]_inst/O
                         net (fo=1, routed)           1.070     2.023    andGate_A_IBUF[1]
    SLICE_X0Y171         LUT2 (Prop_lut2_I0_O)        0.124     2.147 r  andGate_Z_OBUF[1]_inst_i_1/O
                         net (fo=2, routed)           1.952     4.099    andGate_Z_OBUF[0]
    L13                  OBUF (Prop_obuf_I_O)         2.614     6.714 r  andGate_Z_OBUF[0]_inst/O
                         net (fo=0)                   0.000     6.714    andGate_Z[0]
    L13                                                               r  andGate_Z[0] (OUT)
  -------------------------------------------------------------------    -------------------

Slack:                    inf
  Source:                 andGate_A[2]
                            (input port)
  Destination:            andGate_Z[3]
                            (output port)
  Path Group:             (none)
  Path Type:              Max at Slow Process Corner
  Data Path Delay:        6.475ns  (logic 3.678ns (56.812%)  route 2.796ns (43.188%))
  Logic Levels:           3  (IBUF=1 LUT2=1 OBUF=1)

    Location             Delay type                Incr(ns)  Path(ns)    Netlist Resource(s)
  -------------------------------------------------------------------    -------------------
    K17                                               0.000     0.000 r  andGate_A[2] (IN)
                         net (fo=0)                   0.000     0.000    andGate_A[2]
    K17                  IBUF (Prop_ibuf_I_O)         0.945     0.945 r  andGate_A_IBUF[2]_inst/O
                         net (fo=1, routed)           1.070     2.015    andGate_A_IBUF[2]
    SLICE_X0Y158         LUT2 (Prop_lut2_I1_O)        0.124     2.139 r  andGate_Z_OBUF[3]_inst_i_1/O
                         net (fo=2, routed)           1.726     3.865    andGate_Z_OBUF[2]
    K13                  OBUF (Prop_obuf_I_O)         2.609     6.475 r  andGate_Z_OBUF[3]_inst/O
                         net (fo=0)                   0.000     6.475    andGate_Z[3]
    K13                                                               r  andGate_Z[3] (OUT)
  -------------------------------------------------------------------    -------------------

Slack:                    inf
  Source:                 andGate_A[2]
                            (input port)
  Destination:            andGate_Z[2]
                            (output port)
  Path Group:             (none)
  Path Type:              Max at Slow Process Corner
  Data Path Delay:        6.473ns  (logic 3.674ns (56.760%)  route 2.799ns (43.240%))
  Logic Levels:           3  (IBUF=1 LUT2=1 OBUF=1)

    Location             Delay type                Incr(ns)  Path(ns)    Netlist Resource(s)
  -------------------------------------------------------------------    -------------------
    K17                                               0.000     0.000 r  andGate_A[2] (IN)
                         net (fo=0)                   0.000     0.000    andGate_A[2]
    K17                  IBUF (Prop_ibuf_I_O)         0.945     0.945 r  andGate_A_IBUF[2]_inst/O
                         net (fo=1, routed)           1.070     2.015    andGate_A_IBUF[2]
    SLICE_X0Y158         LUT2 (Prop_lut2_I1_O)        0.124     2.139 r  andGate_Z_OBUF[3]_inst_i_1/O
                         net (fo=2, routed)           1.729     3.868    andGate_Z_OBUF[2]
    K14                  OBUF (Prop_obuf_I_O)         2.605     6.473 r  andGate_Z_OBUF[2]_inst/O
                         net (fo=0)                   0.000     6.473    andGate_Z[2]
    K14                                                               r  andGate_Z[2] (OUT)
  -------------------------------------------------------------------    -------------------





Min Delay Paths
--------------------------------------------------------------------------------------
Slack:                    inf
  Source:                 andGate_A[3]
                            (input port)
  Destination:            andGate_Z[3]
                            (output port)
  Path Group:             (none)
  Path Type:              Min at Fast Process Corner
  Data Path Delay:        2.103ns  (logic 1.344ns (63.902%)  route 0.759ns (36.098%))
  Logic Levels:           3  (IBUF=1 LUT2=1 OBUF=1)

    Location             Delay type                Incr(ns)  Path(ns)    Netlist Resource(s)
  -------------------------------------------------------------------    -------------------
    J17                                               0.000     0.000 r  andGate_A[3] (IN)
                         net (fo=0)                   0.000     0.000    andGate_A[3]
    J17                  IBUF (Prop_ibuf_I_O)         0.173     0.173 r  andGate_A_IBUF[3]_inst/O
                         net (fo=1, routed)           0.391     0.564    andGate_A_IBUF[3]
    SLICE_X0Y158         LUT2 (Prop_lut2_I0_O)        0.045     0.609 r  andGate_Z_OBUF[3]_inst_i_1/O
                         net (fo=2, routed)           0.368     0.977    andGate_Z_OBUF[2]
    K13                  OBUF (Prop_obuf_I_O)         1.126     2.103 r  andGate_Z_OBUF[3]_inst/O
                         net (fo=0)                   0.000     2.103    andGate_Z[3]
    K13                                                               r  andGate_Z[3] (OUT)
  -------------------------------------------------------------------    -------------------

Slack:                    inf
  Source:                 andGate_A[3]
                            (input port)
  Destination:            andGate_Z[2]
                            (output port)
  Path Group:             (none)
  Path Type:              Min at Fast Process Corner
  Data Path Delay:        2.104ns  (logic 1.340ns (63.659%)  route 0.765ns (36.341%))
  Logic Levels:           3  (IBUF=1 LUT2=1 OBUF=1)

    Location             Delay type                Incr(ns)  Path(ns)    Netlist Resource(s)
  -------------------------------------------------------------------    -------------------
    J17                                               0.000     0.000 r  andGate_A[3] (IN)
                         net (fo=0)                   0.000     0.000    andGate_A[3]
    J17                  IBUF (Prop_ibuf_I_O)         0.173     0.173 r  andGate_A_IBUF[3]_inst/O
                         net (fo=1, routed)           0.391     0.564    andGate_A_IBUF[3]
    SLICE_X0Y158         LUT2 (Prop_lut2_I0_O)        0.045     0.609 r  andGate_Z_OBUF[3]_inst_i_1/O
                         net (fo=2, routed)           0.374     0.983    andGate_Z_OBUF[2]
    K14                  OBUF (Prop_obuf_I_O)         1.122     2.104 r  andGate_Z_OBUF[2]_inst/O
                         net (fo=0)                   0.000     2.104    andGate_Z[2]
    K14                                                               r  andGate_Z[2] (OUT)
  -------------------------------------------------------------------    -------------------

Slack:                    inf
  Source:                 andGate_A[0]
                            (input port)
  Destination:            andGate_Z[0]
                            (output port)
  Path Group:             (none)
  Path Type:              Min at Fast Process Corner
  Data Path Delay:        2.166ns  (logic 1.357ns (62.668%)  route 0.809ns (37.332%))
  Logic Levels:           3  (IBUF=1 LUT2=1 OBUF=1)

    Location             Delay type                Incr(ns)  Path(ns)    Netlist Resource(s)
  -------------------------------------------------------------------    -------------------
    L19                                               0.000     0.000 r  andGate_A[0] (IN)
                         net (fo=0)                   0.000     0.000    andGate_A[0]
    L19                  IBUF (Prop_ibuf_I_O)         0.181     0.181 r  andGate_A_IBUF[0]_inst/O
                         net (fo=1, routed)           0.342     0.523    andGate_A_IBUF[0]
    SLICE_X0Y171         LUT2 (Prop_lut2_I1_O)        0.045     0.568 r  andGate_Z_OBUF[1]_inst_i_1/O
                         net (fo=2, routed)           0.467     1.035    andGate_Z_OBUF[0]
    L13                  OBUF (Prop_obuf_I_O)         1.131     2.166 r  andGate_Z_OBUF[0]_inst/O
                         net (fo=0)                   0.000     2.166    andGate_Z[0]
    L13                                                               r  andGate_Z[0] (OUT)
  -------------------------------------------------------------------    -------------------

Slack:                    inf
  Source:                 andGate_A[0]
                            (input port)
  Destination:            andGate_Z[1]
                            (output port)
  Path Group:             (none)
  Path Type:              Min at Fast Process Corner
  Data Path Delay:        2.218ns  (logic 1.362ns (61.388%)  route 0.856ns (38.612%))
  Logic Levels:           3  (IBUF=1 LUT2=1 OBUF=1)

    Location             Delay type                Incr(ns)  Path(ns)    Netlist Resource(s)
  -------------------------------------------------------------------    -------------------
    L19                                               0.000     0.000 r  andGate_A[0] (IN)
                         net (fo=0)                   0.000     0.000    andGate_A[0]
    L19                  IBUF (Prop_ibuf_I_O)         0.181     0.181 r  andGate_A_IBUF[0]_inst/O
                         net (fo=1, routed)           0.342     0.523    andGate_A_IBUF[0]
    SLICE_X0Y171         LUT2 (Prop_lut2_I1_O)        0.045     0.568 r  andGate_Z_OBUF[1]_inst_i_1/O
                         net (fo=2, routed)           0.515     1.082    andGate_Z_OBUF[0]
    M13                  OBUF (Prop_obuf_I_O)         1.136     2.218 r  andGate_Z_OBUF[1]_inst/O
                         net (fo=0)                   0.000     2.218    andGate_Z[1]
    M13                                                               r  andGate_Z[1] (OUT)
  -------------------------------------------------------------------    -------------------





